<?xml version="1.0" encoding="UTF-8"?>
<testsuite name="hello.itemservice.domain.ItemRepositoryTest" tests="3" skipped="0" failures="0" errors="0" timestamp="2025-11-17T02:11:42" hostname="DESKTOP-CGTFEVQ" time="0.608">
  <properties/>
  <testcase name="updateItem()" classname="hello.itemservice.domain.ItemRepositoryTest" time="0.512"/>
  <testcase name="save()" classname="hello.itemservice.domain.ItemRepositoryTest" time="0.009"/>
  <testcase name="findItems()" classname="hello.itemservice.domain.ItemRepositoryTest" time="0.084"/>
  <system-out><![CDATA[11:11:35.694 [Test worker] DEBUG org.springframework.test.context.BootstrapUtils - Instantiating CacheAwareContextLoaderDelegate from class [org.springframework.test.context.cache.DefaultCacheAwareContextLoaderDelegate]
11:11:35.708 [Test worker] DEBUG org.springframework.test.context.BootstrapUtils - Instantiating BootstrapContext using constructor [public org.springframework.test.context.support.DefaultBootstrapContext(java.lang.Class,org.springframework.test.context.CacheAwareContextLoaderDelegate)]
11:11:35.757 [Test worker] DEBUG org.springframework.test.context.BootstrapUtils - Instantiating TestContextBootstrapper for test class [hello.itemservice.domain.ItemRepositoryTest] from class [org.springframework.boot.test.context.SpringBootTestContextBootstrapper]
11:11:35.776 [Test worker] INFO org.springframework.boot.test.context.SpringBootTestContextBootstrapper - Neither @ContextConfiguration nor @ContextHierarchy found for test class [hello.itemservice.domain.ItemRepositoryTest], using SpringBootContextLoader
11:11:35.781 [Test worker] DEBUG org.springframework.test.context.support.AbstractContextLoader - Did not detect default resource location for test class [hello.itemservice.domain.ItemRepositoryTest]: class path resource [hello/itemservice/domain/ItemRepositoryTest-context.xml] does not exist
11:11:35.782 [Test worker] DEBUG org.springframework.test.context.support.AbstractContextLoader - Did not detect default resource location for test class [hello.itemservice.domain.ItemRepositoryTest]: class path resource [hello/itemservice/domain/ItemRepositoryTestContext.groovy] does not exist
11:11:35.782 [Test worker] INFO org.springframework.test.context.support.AbstractContextLoader - Could not detect default resource locations for test class [hello.itemservice.domain.ItemRepositoryTest]: no resource found for suffixes {-context.xml, Context.groovy}.
11:11:35.782 [Test worker] INFO org.springframework.test.context.support.AnnotationConfigContextLoaderUtils - Could not detect default configuration classes for test class [hello.itemservice.domain.ItemRepositoryTest]: ItemRepositoryTest does not declare any static, non-private, non-final, nested classes annotated with @Configuration.
11:11:35.833 [Test worker] DEBUG org.springframework.test.context.support.ActiveProfilesUtils - Could not find an 'annotation declaring class' for annotation type [org.springframework.test.context.ActiveProfiles] and class [hello.itemservice.domain.ItemRepositoryTest]
11:11:35.938 [Test worker] DEBUG org.springframework.context.annotation.ClassPathScanningCandidateComponentProvider - Identified candidate component class: file [C:\source\itemservice-db-start\build\classes\java\main\hello\itemservice\ItemServiceApplication.class]
11:11:35.941 [Test worker] INFO org.springframework.boot.test.context.SpringBootTestContextBootstrapper - Found @SpringBootConfiguration hello.itemservice.ItemServiceApplication for test class hello.itemservice.domain.ItemRepositoryTest
11:11:36.063 [Test worker] DEBUG org.springframework.boot.test.context.SpringBootTestContextBootstrapper - @TestExecutionListeners is not present for class [hello.itemservice.domain.ItemRepositoryTest]: using defaults.
11:11:36.064 [Test worker] INFO org.springframework.boot.test.context.SpringBootTestContextBootstrapper - Loaded default TestExecutionListener class names from location [META-INF/spring.factories]: [org.springframework.boot.test.autoconfigure.restdocs.RestDocsTestExecutionListener, org.springframework.boot.test.autoconfigure.web.client.MockRestServiceServerResetTestExecutionListener, org.springframework.boot.test.autoconfigure.web.servlet.MockMvcPrintOnlyOnFailureTestExecutionListener, org.springframework.boot.test.autoconfigure.web.servlet.WebDriverTestExecutionListener, org.springframework.boot.test.autoconfigure.webservices.client.MockWebServiceServerTestExecutionListener, org.springframework.boot.test.mock.mockito.MockitoTestExecutionListener, org.springframework.boot.test.mock.mockito.ResetMocksTestExecutionListener, org.springframework.test.context.web.ServletTestExecutionListener, org.springframework.test.context.support.DirtiesContextBeforeModesTestExecutionListener, org.springframework.test.context.event.ApplicationEventsTestExecutionListener, org.springframework.test.context.support.DependencyInjectionTestExecutionListener, org.springframework.test.context.support.DirtiesContextTestExecutionListener, org.springframework.test.context.transaction.TransactionalTestExecutionListener, org.springframework.test.context.jdbc.SqlScriptsTestExecutionListener, org.springframework.test.context.event.EventPublishingTestExecutionListener]
11:11:36.080 [Test worker] INFO org.springframework.boot.test.context.SpringBootTestContextBootstrapper - Using TestExecutionListeners: [org.springframework.test.context.web.ServletTestExecutionListener@8a589a2, org.springframework.test.context.support.DirtiesContextBeforeModesTestExecutionListener@c65a5ef, org.springframework.test.context.event.ApplicationEventsTestExecutionListener@6b5176f2, org.springframework.boot.test.mock.mockito.MockitoTestExecutionListener@b672aa8, org.springframework.boot.test.autoconfigure.SpringBootDependencyInjectionTestExecutionListener@2fab4aff, org.springframework.test.context.support.DirtiesContextTestExecutionListener@ec0c838, org.springframework.test.context.transaction.TransactionalTestExecutionListener@6e46d9f4, org.springframework.test.context.jdbc.SqlScriptsTestExecutionListener@5cc69cfe, org.springframework.test.context.event.EventPublishingTestExecutionListener@29cfd92b, org.springframework.boot.test.autoconfigure.restdocs.RestDocsTestExecutionListener@21c64522, org.springframework.boot.test.autoconfigure.web.client.MockRestServiceServerResetTestExecutionListener@7997b197, org.springframework.boot.test.autoconfigure.web.servlet.MockMvcPrintOnlyOnFailureTestExecutionListener@11dee337, org.springframework.boot.test.autoconfigure.web.servlet.WebDriverTestExecutionListener@460f76a6, org.springframework.boot.test.autoconfigure.webservices.client.MockWebServiceServerTestExecutionListener@55f3c410, org.springframework.boot.test.mock.mockito.ResetMocksTestExecutionListener@11acdc30]
11:11:36.084 [Test worker] DEBUG org.springframework.test.context.support.AbstractDirtiesContextTestExecutionListener - Before test class: context [DefaultTestContext@319dead1 testClass = ItemRepositoryTest, testInstance = [null], testMethod = [null], testException = [null], mergedContextConfiguration = [WebMergedContextConfiguration@791cbf87 testClass = ItemRepositoryTest, locations = '{}', classes = '{class hello.itemservice.ItemServiceApplication}', contextInitializerClasses = '[]', activeProfiles = '{}', propertySourceLocations = '{}', propertySourceProperties = '{org.springframework.boot.test.context.SpringBootTestContextBootstrapper=true}', contextCustomizers = set[org.springframework.boot.test.autoconfigure.actuate.metrics.MetricsExportContextCustomizerFactory$DisableMetricExportContextCustomizer@6399551e, org.springframework.boot.test.autoconfigure.properties.PropertyMappingContextCustomizer@0, org.springframework.boot.test.autoconfigure.web.servlet.WebDriverContextCustomizerFactory$Customizer@52851b44, org.springframework.boot.test.context.filter.ExcludeFilterContextCustomizer@f80945f, org.springframework.boot.test.json.DuplicateJsonObjectContextCustomizerFactory$DuplicateJsonObjectContextCustomizer@5ef6ae06, org.springframework.boot.test.mock.mockito.MockitoContextCustomizer@0, org.springframework.boot.test.web.client.TestRestTemplateContextCustomizer@34cdeda2, org.springframework.boot.test.context.SpringBootTestArgs@1, org.springframework.boot.test.context.SpringBootTestWebEnvironment@5a45133e], resourceBasePath = 'src/main/webapp', contextLoader = 'org.springframework.boot.test.context.SpringBootContextLoader', parent = [null]], attributes = map['org.springframework.test.context.web.ServletTestExecutionListener.activateListener' -> true]], class annotated with @DirtiesContext [false] with mode [null].

  .   ____          _            __ _ _
 /\\ / ___'_ __ _ _(_)_ __  __ _ \ \ \ \
( ( )\___ | '_ | '_| | '_ \/ _` | \ \ \ \
 \\/  ___)| |_)| | | | | || (_| |  ) ) ) )
  '  |____| .__|_| |_|_| |_\__, | / / / /
 =========|_|==============|___/=/_/_/_/
 :: Spring Boot ::                (v2.6.5)

2025-11-17 11:11:36.504  INFO 19336 --- [    Test worker] h.itemservice.domain.ItemRepositoryTest  : Starting ItemRepositoryTest using Java 17.0.15 on DESKTOP-CGTFEVQ with PID 19336 (started by itycoon in C:\source\itemservice-db-start)
2025-11-17 11:11:36.505  INFO 19336 --- [    Test worker] h.itemservice.domain.ItemRepositoryTest  : The following 1 profile is active: "test"
2025-11-17 11:11:37.405  INFO 19336 --- [    Test worker] .s.d.r.c.RepositoryConfigurationDelegate : Bootstrapping Spring Data JPA repositories in DEFAULT mode.
2025-11-17 11:11:37.489  INFO 19336 --- [    Test worker] .s.d.r.c.RepositoryConfigurationDelegate : Finished Spring Data repository scanning in 65 ms. Found 1 JPA repository interfaces.
2025-11-17 11:11:38.125 DEBUG 19336 --- [    Test worker] o.s.jdbc.datasource.DataSourceUtils      : Fetching JDBC Connection from DataSource
2025-11-17 11:11:38.127  INFO 19336 --- [    Test worker] com.zaxxer.hikari.HikariDataSource       : HikariPool-1 - Starting...
2025-11-17 11:11:38.318  INFO 19336 --- [    Test worker] com.zaxxer.hikari.HikariDataSource       : HikariPool-1 - Start completed.
2025-11-17 11:11:38.337 DEBUG 19336 --- [    Test worker] o.s.jdbc.datasource.DataSourceUtils      : Fetching JDBC Connection from DataSource
2025-11-17 11:11:38.338 DEBUG 19336 --- [    Test worker] o.s.jdbc.datasource.init.ScriptUtils     : Executing SQL script from URL [file:/C:/source/itemservice-db-start/build/resources/test/schema.sql]
2025-11-17 11:11:38.353 DEBUG 19336 --- [    Test worker] o.s.jdbc.datasource.init.ScriptUtils     : 0 returned as update count for SQL: create table item ( id bigint generated by default as identity, item_name varchar(10), price integer, quantity integer, primary key (id) )
2025-11-17 11:11:38.354 DEBUG 19336 --- [    Test worker] o.s.jdbc.datasource.init.ScriptUtils     : Executed SQL script from URL [file:/C:/source/itemservice-db-start/build/resources/test/schema.sql] in 15 ms.
2025-11-17 11:11:38.497 DEBUG 19336 --- [    Test worker] o.s.jdbc.datasource.DataSourceUtils      : Fetching JDBC Connection from DataSource
2025-11-17 11:11:38.575  INFO 19336 --- [    Test worker] o.hibernate.jpa.internal.util.LogHelper  : HHH000204: Processing PersistenceUnitInfo [name: default]
2025-11-17 11:11:38.650  INFO 19336 --- [    Test worker] org.hibernate.Version                    : HHH000412: Hibernate ORM core version 5.6.5.Final
2025-11-17 11:11:38.890  INFO 19336 --- [    Test worker] o.hibernate.annotations.common.Version   : HCANN000001: Hibernate Commons Annotations {5.1.2.Final}
2025-11-17 11:11:39.128  INFO 19336 --- [    Test worker] org.hibernate.dialect.Dialect            : HHH000400: Using dialect: org.hibernate.dialect.H2Dialect
2025-11-17 11:11:39.750 DEBUG 19336 --- [    Test worker] org.hibernate.SQL                        : drop table if exists item CASCADE 
2025-11-17 11:11:39.757 DEBUG 19336 --- [    Test worker] org.hibernate.SQL                        : create table item (id bigint generated by default as identity, item_name varchar(10), price integer, quantity integer, primary key (id))
2025-11-17 11:11:39.760  INFO 19336 --- [    Test worker] o.h.e.t.j.p.i.JtaPlatformInitiator       : HHH000490: Using JtaPlatform implementation: [org.hibernate.engine.transaction.jta.platform.internal.NoJtaPlatform]
2025-11-17 11:11:39.771  INFO 19336 --- [    Test worker] j.LocalContainerEntityManagerFactoryBean : Initialized JPA EntityManagerFactory for persistence unit 'default'
2025-11-17 11:11:40.853  WARN 19336 --- [    Test worker] JpaBaseConfiguration$JpaWebConfiguration : spring.jpa.open-in-view is enabled by default. Therefore, database queries may be performed during view rendering. Explicitly configure spring.jpa.open-in-view to disable this warning
2025-11-17 11:11:41.386  INFO 19336 --- [    Test worker] o.s.b.a.w.s.WelcomePageHandlerMapping    : Adding welcome page: class path resource [static/index.html]
2025-11-17 11:11:42.291  INFO 19336 --- [    Test worker] h.itemservice.domain.ItemRepositoryTest  : Started ItemRepositoryTest in 6.168 seconds (JVM running for 7.583)
2025-11-17 11:11:42.350  INFO 19336 --- [    Test worker] o.s.t.c.transaction.TransactionContext   : Began transaction (1) for test context [DefaultTestContext@319dead1 testClass = ItemRepositoryTest, testInstance = hello.itemservice.domain.ItemRepositoryTest@27ea552d, testMethod = updateItem@ItemRepositoryTest, testException = [null], mergedContextConfiguration = [WebMergedContextConfiguration@791cbf87 testClass = ItemRepositoryTest, locations = '{}', classes = '{class hello.itemservice.ItemServiceApplication}', contextInitializerClasses = '[]', activeProfiles = '{}', propertySourceLocations = '{}', propertySourceProperties = '{org.springframework.boot.test.context.SpringBootTestContextBootstrapper=true}', contextCustomizers = set[org.springframework.boot.test.autoconfigure.actuate.metrics.MetricsExportContextCustomizerFactory$DisableMetricExportContextCustomizer@6399551e, org.springframework.boot.test.autoconfigure.properties.PropertyMappingContextCustomizer@0, org.springframework.boot.test.autoconfigure.web.servlet.WebDriverContextCustomizerFactory$Customizer@52851b44, org.springframework.boot.test.context.filter.ExcludeFilterContextCustomizer@f80945f, org.springframework.boot.test.json.DuplicateJsonObjectContextCustomizerFactory$DuplicateJsonObjectContextCustomizer@5ef6ae06, org.springframework.boot.test.mock.mockito.MockitoContextCustomizer@0, org.springframework.boot.test.web.client.TestRestTemplateContextCustomizer@34cdeda2, org.springframework.boot.test.context.SpringBootTestArgs@1, org.springframework.boot.test.context.SpringBootTestWebEnvironment@5a45133e], resourceBasePath = 'src/main/webapp', contextLoader = 'org.springframework.boot.test.context.SpringBootContextLoader', parent = [null]], attributes = map['org.springframework.test.context.web.ServletTestExecutionListener.activateListener' -> true, 'org.springframework.test.context.web.ServletTestExecutionListener.populatedRequestContextHolder' -> true, 'org.springframework.test.context.web.ServletTestExecutionListener.resetRequestContextHolder' -> true, 'org.springframework.test.context.event.ApplicationEventsTestExecutionListener.recordApplicationEvents' -> false]]; transaction manager [org.springframework.orm.jpa.JpaTransactionManager@6705fb02]; rollback [true]
2025-11-17 11:11:42.689 DEBUG 19336 --- [    Test worker] org.hibernate.SQL                        : insert into item (id, item_name, price, quantity) values (default, ?, ?, ?)
2025-11-17 11:11:42.698 TRACE 19336 --- [    Test worker] o.h.type.descriptor.sql.BasicBinder      : binding parameter [1] as [VARCHAR] - [item1]
2025-11-17 11:11:42.699 TRACE 19336 --- [    Test worker] o.h.type.descriptor.sql.BasicBinder      : binding parameter [2] as [INTEGER] - [10000]
2025-11-17 11:11:42.699 TRACE 19336 --- [    Test worker] o.h.type.descriptor.sql.BasicBinder      : binding parameter [3] as [INTEGER] - [10]
2025-11-17 11:11:42.838  INFO 19336 --- [    Test worker] o.s.t.c.transaction.TransactionContext   : Rolled back transaction for test: [DefaultTestContext@319dead1 testClass = ItemRepositoryTest, testInstance = hello.itemservice.domain.ItemRepositoryTest@27ea552d, testMethod = updateItem@ItemRepositoryTest, testException = [null], mergedContextConfiguration = [WebMergedContextConfiguration@791cbf87 testClass = ItemRepositoryTest, locations = '{}', classes = '{class hello.itemservice.ItemServiceApplication}', contextInitializerClasses = '[]', activeProfiles = '{}', propertySourceLocations = '{}', propertySourceProperties = '{org.springframework.boot.test.context.SpringBootTestContextBootstrapper=true}', contextCustomizers = set[org.springframework.boot.test.autoconfigure.actuate.metrics.MetricsExportContextCustomizerFactory$DisableMetricExportContextCustomizer@6399551e, org.springframework.boot.test.autoconfigure.properties.PropertyMappingContextCustomizer@0, org.springframework.boot.test.autoconfigure.web.servlet.WebDriverContextCustomizerFactory$Customizer@52851b44, org.springframework.boot.test.context.filter.ExcludeFilterContextCustomizer@f80945f, org.springframework.boot.test.json.DuplicateJsonObjectContextCustomizerFactory$DuplicateJsonObjectContextCustomizer@5ef6ae06, org.springframework.boot.test.mock.mockito.MockitoContextCustomizer@0, org.springframework.boot.test.web.client.TestRestTemplateContextCustomizer@34cdeda2, org.springframework.boot.test.context.SpringBootTestArgs@1, org.springframework.boot.test.context.SpringBootTestWebEnvironment@5a45133e], resourceBasePath = 'src/main/webapp', contextLoader = 'org.springframework.boot.test.context.SpringBootContextLoader', parent = [null]], attributes = map['org.springframework.test.context.web.ServletTestExecutionListener.activateListener' -> true, 'org.springframework.test.context.web.ServletTestExecutionListener.populatedRequestContextHolder' -> true, 'org.springframework.test.context.web.ServletTestExecutionListener.resetRequestContextHolder' -> true, 'org.springframework.test.context.event.ApplicationEventsTestExecutionListener.recordApplicationEvents' -> false]]
2025-11-17 11:11:42.846  INFO 19336 --- [    Test worker] o.s.t.c.transaction.TransactionContext   : Began transaction (1) for test context [DefaultTestContext@319dead1 testClass = ItemRepositoryTest, testInstance = hello.itemservice.domain.ItemRepositoryTest@518ed9b4, testMethod = save@ItemRepositoryTest, testException = [null], mergedContextConfiguration = [WebMergedContextConfiguration@791cbf87 testClass = ItemRepositoryTest, locations = '{}', classes = '{class hello.itemservice.ItemServiceApplication}', contextInitializerClasses = '[]', activeProfiles = '{}', propertySourceLocations = '{}', propertySourceProperties = '{org.springframework.boot.test.context.SpringBootTestContextBootstrapper=true}', contextCustomizers = set[org.springframework.boot.test.autoconfigure.actuate.metrics.MetricsExportContextCustomizerFactory$DisableMetricExportContextCustomizer@6399551e, org.springframework.boot.test.autoconfigure.properties.PropertyMappingContextCustomizer@0, org.springframework.boot.test.autoconfigure.web.servlet.WebDriverContextCustomizerFactory$Customizer@52851b44, org.springframework.boot.test.context.filter.ExcludeFilterContextCustomizer@f80945f, org.springframework.boot.test.json.DuplicateJsonObjectContextCustomizerFactory$DuplicateJsonObjectContextCustomizer@5ef6ae06, org.springframework.boot.test.mock.mockito.MockitoContextCustomizer@0, org.springframework.boot.test.web.client.TestRestTemplateContextCustomizer@34cdeda2, org.springframework.boot.test.context.SpringBootTestArgs@1, org.springframework.boot.test.context.SpringBootTestWebEnvironment@5a45133e], resourceBasePath = 'src/main/webapp', contextLoader = 'org.springframework.boot.test.context.SpringBootContextLoader', parent = [null]], attributes = map['org.springframework.test.context.web.ServletTestExecutionListener.activateListener' -> true, 'org.springframework.test.context.web.ServletTestExecutionListener.populatedRequestContextHolder' -> true, 'org.springframework.test.context.web.ServletTestExecutionListener.resetRequestContextHolder' -> true, 'org.springframework.test.context.event.ApplicationEventsTestExecutionListener.recordApplicationEvents' -> false]]; transaction manager [org.springframework.orm.jpa.JpaTransactionManager@6705fb02]; rollback [true]
2025-11-17 11:11:42.848 DEBUG 19336 --- [    Test worker] org.hibernate.SQL                        : insert into item (id, item_name, price, quantity) values (default, ?, ?, ?)
2025-11-17 11:11:42.849 TRACE 19336 --- [    Test worker] o.h.type.descriptor.sql.BasicBinder      : binding parameter [1] as [VARCHAR] - [itemA]
2025-11-17 11:11:42.849 TRACE 19336 --- [    Test worker] o.h.type.descriptor.sql.BasicBinder      : binding parameter [2] as [INTEGER] - [10000]
2025-11-17 11:11:42.849 TRACE 19336 --- [    Test worker] o.h.type.descriptor.sql.BasicBinder      : binding parameter [3] as [INTEGER] - [10]
2025-11-17 11:11:42.854  INFO 19336 --- [    Test worker] o.s.t.c.transaction.TransactionContext   : Rolled back transaction for test: [DefaultTestContext@319dead1 testClass = ItemRepositoryTest, testInstance = hello.itemservice.domain.ItemRepositoryTest@518ed9b4, testMethod = save@ItemRepositoryTest, testException = [null], mergedContextConfiguration = [WebMergedContextConfiguration@791cbf87 testClass = ItemRepositoryTest, locations = '{}', classes = '{class hello.itemservice.ItemServiceApplication}', contextInitializerClasses = '[]', activeProfiles = '{}', propertySourceLocations = '{}', propertySourceProperties = '{org.springframework.boot.test.context.SpringBootTestContextBootstrapper=true}', contextCustomizers = set[org.springframework.boot.test.autoconfigure.actuate.metrics.MetricsExportContextCustomizerFactory$DisableMetricExportContextCustomizer@6399551e, org.springframework.boot.test.autoconfigure.properties.PropertyMappingContextCustomizer@0, org.springframework.boot.test.autoconfigure.web.servlet.WebDriverContextCustomizerFactory$Customizer@52851b44, org.springframework.boot.test.context.filter.ExcludeFilterContextCustomizer@f80945f, org.springframework.boot.test.json.DuplicateJsonObjectContextCustomizerFactory$DuplicateJsonObjectContextCustomizer@5ef6ae06, org.springframework.boot.test.mock.mockito.MockitoContextCustomizer@0, org.springframework.boot.test.web.client.TestRestTemplateContextCustomizer@34cdeda2, org.springframework.boot.test.context.SpringBootTestArgs@1, org.springframework.boot.test.context.SpringBootTestWebEnvironment@5a45133e], resourceBasePath = 'src/main/webapp', contextLoader = 'org.springframework.boot.test.context.SpringBootContextLoader', parent = [null]], attributes = map['org.springframework.test.context.web.ServletTestExecutionListener.activateListener' -> true, 'org.springframework.test.context.web.ServletTestExecutionListener.populatedRequestContextHolder' -> true, 'org.springframework.test.context.web.ServletTestExecutionListener.resetRequestContextHolder' -> true, 'org.springframework.test.context.event.ApplicationEventsTestExecutionListener.recordApplicationEvents' -> false]]
2025-11-17 11:11:42.857  INFO 19336 --- [    Test worker] o.s.t.c.transaction.TransactionContext   : Began transaction (1) for test context [DefaultTestContext@319dead1 testClass = ItemRepositoryTest, testInstance = hello.itemservice.domain.ItemRepositoryTest@5319efc0, testMethod = findItems@ItemRepositoryTest, testException = [null], mergedContextConfiguration = [WebMergedContextConfiguration@791cbf87 testClass = ItemRepositoryTest, locations = '{}', classes = '{class hello.itemservice.ItemServiceApplication}', contextInitializerClasses = '[]', activeProfiles = '{}', propertySourceLocations = '{}', propertySourceProperties = '{org.springframework.boot.test.context.SpringBootTestContextBootstrapper=true}', contextCustomizers = set[org.springframework.boot.test.autoconfigure.actuate.metrics.MetricsExportContextCustomizerFactory$DisableMetricExportContextCustomizer@6399551e, org.springframework.boot.test.autoconfigure.properties.PropertyMappingContextCustomizer@0, org.springframework.boot.test.autoconfigure.web.servlet.WebDriverContextCustomizerFactory$Customizer@52851b44, org.springframework.boot.test.context.filter.ExcludeFilterContextCustomizer@f80945f, org.springframework.boot.test.json.DuplicateJsonObjectContextCustomizerFactory$DuplicateJsonObjectContextCustomizer@5ef6ae06, org.springframework.boot.test.mock.mockito.MockitoContextCustomizer@0, org.springframework.boot.test.web.client.TestRestTemplateContextCustomizer@34cdeda2, org.springframework.boot.test.context.SpringBootTestArgs@1, org.springframework.boot.test.context.SpringBootTestWebEnvironment@5a45133e], resourceBasePath = 'src/main/webapp', contextLoader = 'org.springframework.boot.test.context.SpringBootContextLoader', parent = [null]], attributes = map['org.springframework.test.context.web.ServletTestExecutionListener.activateListener' -> true, 'org.springframework.test.context.web.ServletTestExecutionListener.populatedRequestContextHolder' -> true, 'org.springframework.test.context.web.ServletTestExecutionListener.resetRequestContextHolder' -> true, 'org.springframework.test.context.event.ApplicationEventsTestExecutionListener.recordApplicationEvents' -> false]]; transaction manager [org.springframework.orm.jpa.JpaTransactionManager@6705fb02]; rollback [true]
2025-11-17 11:11:42.858 DEBUG 19336 --- [    Test worker] org.hibernate.SQL                        : insert into item (id, item_name, price, quantity) values (default, ?, ?, ?)
2025-11-17 11:11:42.859 TRACE 19336 --- [    Test worker] o.h.type.descriptor.sql.BasicBinder      : binding parameter [1] as [VARCHAR] - [itemA-1]
2025-11-17 11:11:42.859 TRACE 19336 --- [    Test worker] o.h.type.descriptor.sql.BasicBinder      : binding parameter [2] as [INTEGER] - [10000]
2025-11-17 11:11:42.859 TRACE 19336 --- [    Test worker] o.h.type.descriptor.sql.BasicBinder      : binding parameter [3] as [INTEGER] - [10]
2025-11-17 11:11:42.860 DEBUG 19336 --- [    Test worker] org.hibernate.SQL                        : insert into item (id, item_name, price, quantity) values (default, ?, ?, ?)
2025-11-17 11:11:42.860 TRACE 19336 --- [    Test worker] o.h.type.descriptor.sql.BasicBinder      : binding parameter [1] as [VARCHAR] - [itemA-2]
2025-11-17 11:11:42.860 TRACE 19336 --- [    Test worker] o.h.type.descriptor.sql.BasicBinder      : binding parameter [2] as [INTEGER] - [20000]
2025-11-17 11:11:42.860 TRACE 19336 --- [    Test worker] o.h.type.descriptor.sql.BasicBinder      : binding parameter [3] as [INTEGER] - [20]
2025-11-17 11:11:42.862 DEBUG 19336 --- [    Test worker] org.hibernate.SQL                        : insert into item (id, item_name, price, quantity) values (default, ?, ?, ?)
2025-11-17 11:11:42.862 TRACE 19336 --- [    Test worker] o.h.type.descriptor.sql.BasicBinder      : binding parameter [1] as [VARCHAR] - [itemB-1]
2025-11-17 11:11:42.862 TRACE 19336 --- [    Test worker] o.h.type.descriptor.sql.BasicBinder      : binding parameter [2] as [INTEGER] - [30000]
2025-11-17 11:11:42.862 TRACE 19336 --- [    Test worker] o.h.type.descriptor.sql.BasicBinder      : binding parameter [3] as [INTEGER] - [30]
2025-11-17 11:11:42.880 DEBUG 19336 --- [    Test worker] org.hibernate.SQL                        : select item0_.id as id1_0_, item0_.item_name as item_nam2_0_, item0_.price as price3_0_, item0_.quantity as quantity4_0_ from item item0_
2025-11-17 11:11:42.896 DEBUG 19336 --- [    Test worker] org.hibernate.SQL                        : select item0_.id as id1_0_, item0_.item_name as item_nam2_0_, item0_.price as price3_0_, item0_.quantity as quantity4_0_ from item item0_
2025-11-17 11:11:42.916 DEBUG 19336 --- [    Test worker] org.hibernate.SQL                        : select item0_.id as id1_0_, item0_.item_name as item_nam2_0_, item0_.price as price3_0_, item0_.quantity as quantity4_0_ from item item0_ where item0_.item_name like ? escape ?
2025-11-17 11:11:42.918 TRACE 19336 --- [    Test worker] o.h.type.descriptor.sql.BasicBinder      : binding parameter [1] as [VARCHAR] - [%itemA%]
2025-11-17 11:11:42.918 TRACE 19336 --- [    Test worker] o.h.type.descriptor.sql.BasicBinder      : binding parameter [2] as [CHAR] - [\]
2025-11-17 11:11:42.922 DEBUG 19336 --- [    Test worker] org.hibernate.SQL                        : select item0_.id as id1_0_, item0_.item_name as item_nam2_0_, item0_.price as price3_0_, item0_.quantity as quantity4_0_ from item item0_ where item0_.item_name like ? escape ?
2025-11-17 11:11:42.922 TRACE 19336 --- [    Test worker] o.h.type.descriptor.sql.BasicBinder      : binding parameter [1] as [VARCHAR] - [%temA%]
2025-11-17 11:11:42.922 TRACE 19336 --- [    Test worker] o.h.type.descriptor.sql.BasicBinder      : binding parameter [2] as [CHAR] - [\]
2025-11-17 11:11:42.924 DEBUG 19336 --- [    Test worker] org.hibernate.SQL                        : select item0_.id as id1_0_, item0_.item_name as item_nam2_0_, item0_.price as price3_0_, item0_.quantity as quantity4_0_ from item item0_ where item0_.item_name like ? escape ?
2025-11-17 11:11:42.924 TRACE 19336 --- [    Test worker] o.h.type.descriptor.sql.BasicBinder      : binding parameter [1] as [VARCHAR] - [%itemB%]
2025-11-17 11:11:42.924 TRACE 19336 --- [    Test worker] o.h.type.descriptor.sql.BasicBinder      : binding parameter [2] as [CHAR] - [\]
2025-11-17 11:11:42.928 DEBUG 19336 --- [    Test worker] org.hibernate.SQL                        : select item0_.id as id1_0_, item0_.item_name as item_nam2_0_, item0_.price as price3_0_, item0_.quantity as quantity4_0_ from item item0_ where item0_.price<=?
2025-11-17 11:11:42.928 TRACE 19336 --- [    Test worker] o.h.type.descriptor.sql.BasicBinder      : binding parameter [1] as [INTEGER] - [10000]
2025-11-17 11:11:42.934 DEBUG 19336 --- [    Test worker] org.hibernate.SQL                        : select item0_.id as id1_0_, item0_.item_name as item_nam2_0_, item0_.price as price3_0_, item0_.quantity as quantity4_0_ from item item0_ where (item0_.item_name like ?) and item0_.price<=?
2025-11-17 11:11:42.936 TRACE 19336 --- [    Test worker] o.h.type.descriptor.sql.BasicBinder      : binding parameter [1] as [VARCHAR] - [%itemA%]
2025-11-17 11:11:42.936 TRACE 19336 --- [    Test worker] o.h.type.descriptor.sql.BasicBinder      : binding parameter [2] as [INTEGER] - [10000]
2025-11-17 11:11:42.940  INFO 19336 --- [    Test worker] o.s.t.c.transaction.TransactionContext   : Rolled back transaction for test: [DefaultTestContext@319dead1 testClass = ItemRepositoryTest, testInstance = hello.itemservice.domain.ItemRepositoryTest@5319efc0, testMethod = findItems@ItemRepositoryTest, testException = [null], mergedContextConfiguration = [WebMergedContextConfiguration@791cbf87 testClass = ItemRepositoryTest, locations = '{}', classes = '{class hello.itemservice.ItemServiceApplication}', contextInitializerClasses = '[]', activeProfiles = '{}', propertySourceLocations = '{}', propertySourceProperties = '{org.springframework.boot.test.context.SpringBootTestContextBootstrapper=true}', contextCustomizers = set[org.springframework.boot.test.autoconfigure.actuate.metrics.MetricsExportContextCustomizerFactory$DisableMetricExportContextCustomizer@6399551e, org.springframework.boot.test.autoconfigure.properties.PropertyMappingContextCustomizer@0, org.springframework.boot.test.autoconfigure.web.servlet.WebDriverContextCustomizerFactory$Customizer@52851b44, org.springframework.boot.test.context.filter.ExcludeFilterContextCustomizer@f80945f, org.springframework.boot.test.json.DuplicateJsonObjectContextCustomizerFactory$DuplicateJsonObjectContextCustomizer@5ef6ae06, org.springframework.boot.test.mock.mockito.MockitoContextCustomizer@0, org.springframework.boot.test.web.client.TestRestTemplateContextCustomizer@34cdeda2, org.springframework.boot.test.context.SpringBootTestArgs@1, org.springframework.boot.test.context.SpringBootTestWebEnvironment@5a45133e], resourceBasePath = 'src/main/webapp', contextLoader = 'org.springframework.boot.test.context.SpringBootContextLoader', parent = [null]], attributes = map['org.springframework.test.context.web.ServletTestExecutionListener.activateListener' -> true, 'org.springframework.test.context.web.ServletTestExecutionListener.populatedRequestContextHolder' -> true, 'org.springframework.test.context.web.ServletTestExecutionListener.resetRequestContextHolder' -> true, 'org.springframework.test.context.event.ApplicationEventsTestExecutionListener.recordApplicationEvents' -> false]]
]]></system-out>
  <system-err><![CDATA[]]></system-err>
</testsuite>
