<?xml version="1.0" encoding="UTF-8"?>
<testsuite name="hello.springtx.apply.InitTxTest" tests="1" skipped="0" failures="0" errors="0" timestamp="2025-11-18T02:05:54.017Z" hostname="DESKTOP-CGTFEVQ" time="0.562">
  <properties/>
  <testcase name="go()" classname="hello.springtx.apply.InitTxTest" time="0.562"/>
  <system-out><![CDATA[11:05:50.789 [Test worker] INFO org.springframework.boot.test.context.SpringBootTestContextBootstrapper -- Found @SpringBootConfiguration hello.springtx.SpringtxApplication for test class hello.springtx.apply.InitTxTest

  .   ____          _            __ _ _
 /\\ / ___'_ __ _ _(_)_ __  __ _ \ \ \ \
( ( )\___ | '_ | '_| | '_ \/ _` | \ \ \ \
 \\/  ___)| |_)| | | | | || (_| |  ) ) ) )
  '  |____| .__|_| |_|_| |_\__, | / / / /
 =========|_|==============|___/=/_/_/_/

 :: Spring Boot ::                (v3.5.7)

2025-11-18T11:05:51.352+09:00  INFO 13136 --- [springtx] [    Test worker] hello.springtx.apply.InitTxTest          : Starting InitTxTest using Java 21.0.8 with PID 13136 (started by itycoon in C:\springtx)
2025-11-18T11:05:51.354+09:00  INFO 13136 --- [springtx] [    Test worker] hello.springtx.apply.InitTxTest          : No active profile set, falling back to 1 default profile: "default"
2025-11-18T11:05:51.869+09:00  INFO 13136 --- [springtx] [    Test worker] .s.d.r.c.RepositoryConfigurationDelegate : Bootstrapping Spring Data JPA repositories in DEFAULT mode.
2025-11-18T11:05:51.895+09:00  INFO 13136 --- [springtx] [    Test worker] .s.d.r.c.RepositoryConfigurationDelegate : Finished Spring Data repository scanning in 13 ms. Found 0 JPA repository interfaces.
2025-11-18T11:05:52.330+09:00  INFO 13136 --- [springtx] [    Test worker] com.zaxxer.hikari.HikariDataSource       : HikariPool-1 - Starting...
2025-11-18T11:05:52.535+09:00  INFO 13136 --- [springtx] [    Test worker] com.zaxxer.hikari.pool.HikariPool        : HikariPool-1 - Added connection conn0: url=jdbc:h2:mem:9bd0245c-ec34-45e0-a877-9a2f3fa2a647 user=SA
2025-11-18T11:05:52.538+09:00  INFO 13136 --- [springtx] [    Test worker] com.zaxxer.hikari.HikariDataSource       : HikariPool-1 - Start completed.
2025-11-18T11:05:52.636+09:00  INFO 13136 --- [springtx] [    Test worker] o.hibernate.jpa.internal.util.LogHelper  : HHH000204: Processing PersistenceUnitInfo [name: default]
2025-11-18T11:05:52.714+09:00  INFO 13136 --- [springtx] [    Test worker] org.hibernate.Version                    : HHH000412: Hibernate ORM core version 6.6.33.Final
2025-11-18T11:05:52.767+09:00  INFO 13136 --- [springtx] [    Test worker] o.h.c.internal.RegionFactoryInitiator    : HHH000026: Second-level cache disabled
2025-11-18T11:05:53.189+09:00  INFO 13136 --- [springtx] [    Test worker] o.s.o.j.p.SpringPersistenceUnitInfo      : No LoadTimeWeaver setup: ignoring JPA class transformer
2025-11-18T11:05:53.299+09:00  INFO 13136 --- [springtx] [    Test worker] org.hibernate.orm.connections.pooling    : HHH10001005: Database info:
	Database JDBC URL [Connecting through datasource 'HikariDataSource (HikariPool-1)']
	Database driver: undefined/unknown
	Database version: 2.3.232
	Autocommit mode: undefined/unknown
	Isolation level: undefined/unknown
	Minimum pool size: undefined/unknown
	Maximum pool size: undefined/unknown
2025-11-18T11:05:53.677+09:00  INFO 13136 --- [springtx] [    Test worker] o.h.e.t.j.p.i.JtaPlatformInitiator       : HHH000489: No JTA platform available (set 'hibernate.transaction.jta.platform' to enable JTA platform integration)
2025-11-18T11:05:53.682+09:00  INFO 13136 --- [springtx] [    Test worker] j.LocalContainerEntityManagerFactoryBean : Initialized JPA EntityManagerFactory for persistence unit 'default'
2025-11-18T11:05:53.698+09:00  INFO 13136 --- [springtx] [    Test worker] hello.springtx.apply.InitTxTest$Hello    : @PostConstruct txActive: false
2025-11-18T11:05:53.925+09:00  INFO 13136 --- [springtx] [    Test worker] hello.springtx.apply.InitTxTest          : Started InitTxTest in 2.905 seconds (process running for 4.556)
2025-11-18T11:05:54.006+09:00 TRACE 13136 --- [springtx] [    Test worker] o.s.t.i.TransactionInterceptor           : Getting transaction for [hello.springtx.apply.InitTxTest$Hello.initV2]
2025-11-18T11:05:54.006+09:00  INFO 13136 --- [springtx] [    Test worker] hello.springtx.apply.InitTxTest$Hello    : @EventListener txActive: true
2025-11-18T11:05:54.006+09:00 TRACE 13136 --- [springtx] [    Test worker] o.s.t.i.TransactionInterceptor           : Completing transaction for [hello.springtx.apply.InitTxTest$Hello.initV2]
]]></system-out>
  <system-err><![CDATA[Mockito is currently self-attaching to enable the inline-mock-maker. This will no longer work in future releases of the JDK. Please add Mockito as an agent to your build as described in Mockito's documentation: https://javadoc.io/doc/org.mockito/mockito-core/latest/org.mockito/org/mockito/Mockito.html#0.3
WARNING: A Java agent has been loaded dynamically (C:\Users\itycoon\.gradle\caches\modules-2\files-2.1\net.bytebuddy\byte-buddy-agent\1.17.8\f09415827a71be7ed621c7bd02550678f28bc81c\byte-buddy-agent-1.17.8.jar)
WARNING: If a serviceability tool is in use, please run with -XX:+EnableDynamicAgentLoading to hide this warning
WARNING: If a serviceability tool is not in use, please run with -Djdk.instrument.traceUsage for more information
WARNING: Dynamic loading of agents will be disallowed by default in a future release
]]></system-err>
</testsuite>
