<?xml version="1.0" encoding="UTF-8"?>
<testsuite name="study.querydsl.QuerydslApplicationTests" tests="1" skipped="0" failures="0" errors="0" timestamp="2025-11-18T23:32:38.540Z" hostname="DESKTOP-CGTFEVQ" time="0.663">
  <properties/>
  <testcase name="contextLoads()" classname="study.querydsl.QuerydslApplicationTests" time="0.663"/>
  <system-out><![CDATA[08:32:33.869 [Test worker] INFO org.springframework.test.context.support.AnnotationConfigContextLoaderUtils -- Could not detect default configuration classes for test class [study.querydsl.QuerydslApplicationTests]: QuerydslApplicationTests does not declare any static, non-private, non-final, nested classes annotated with @Configuration.
08:32:34.032 [Test worker] INFO org.springframework.boot.test.context.SpringBootTestContextBootstrapper -- Found @SpringBootConfiguration study.querydsl.QuerydslApplication for test class study.querydsl.QuerydslApplicationTests

  .   ____          _            __ _ _
 /\\ / ___'_ __ _ _(_)_ __  __ _ \ \ \ \
( ( )\___ | '_ | '_| | '_ \/ _` | \ \ \ \
 \\/  ___)| |_)| | | | | || (_| |  ) ) ) )
  '  |____| .__|_| |_|_| |_\__, | / / / /
 =========|_|==============|___/=/_/_/_/

 :: Spring Boot ::                (v3.5.7)

2025-11-19T08:32:34.674+09:00  INFO 7488 --- [querydsl] [    Test worker] s.querydsl.QuerydslApplicationTests      : Starting QuerydslApplicationTests using Java 21.0.8 with PID 7488 (started by itycoon in C:\querydsl)
2025-11-19T08:32:34.676+09:00  INFO 7488 --- [querydsl] [    Test worker] s.querydsl.QuerydslApplicationTests      : No active profile set, falling back to 1 default profile: "default"
2025-11-19T08:32:35.567+09:00  INFO 7488 --- [querydsl] [    Test worker] .s.d.r.c.RepositoryConfigurationDelegate : Bootstrapping Spring Data JPA repositories in DEFAULT mode.
2025-11-19T08:32:35.593+09:00  INFO 7488 --- [querydsl] [    Test worker] .s.d.r.c.RepositoryConfigurationDelegate : Finished Spring Data repository scanning in 13 ms. Found 0 JPA repository interfaces.
2025-11-19T08:32:36.107+09:00  INFO 7488 --- [querydsl] [    Test worker] com.zaxxer.hikari.HikariDataSource       : HikariPool-1 - Starting...
2025-11-19T08:32:36.374+09:00  INFO 7488 --- [querydsl] [    Test worker] com.zaxxer.hikari.pool.HikariPool        : HikariPool-1 - Added connection conn0: url=jdbc:h2:mem:0e248e58-5dac-4d62-ba89-964236760f88 user=SA
2025-11-19T08:32:36.378+09:00  INFO 7488 --- [querydsl] [    Test worker] com.zaxxer.hikari.HikariDataSource       : HikariPool-1 - Start completed.
2025-11-19T08:32:36.444+09:00  INFO 7488 --- [querydsl] [    Test worker] o.hibernate.jpa.internal.util.LogHelper  : HHH000204: Processing PersistenceUnitInfo [name: default]
2025-11-19T08:32:36.544+09:00  INFO 7488 --- [querydsl] [    Test worker] org.hibernate.Version                    : HHH000412: Hibernate ORM core version 6.6.33.Final
2025-11-19T08:32:36.610+09:00  INFO 7488 --- [querydsl] [    Test worker] o.h.c.internal.RegionFactoryInitiator    : HHH000026: Second-level cache disabled
2025-11-19T08:32:37.075+09:00  INFO 7488 --- [querydsl] [    Test worker] o.s.o.j.p.SpringPersistenceUnitInfo      : No LoadTimeWeaver setup: ignoring JPA class transformer
2025-11-19T08:32:37.198+09:00  INFO 7488 --- [querydsl] [    Test worker] org.hibernate.orm.connections.pooling    : HHH10001005: Database info:
	Database JDBC URL [Connecting through datasource 'HikariDataSource (HikariPool-1)']
	Database driver: undefined/unknown
	Database version: 2.3.232
	Autocommit mode: undefined/unknown
	Isolation level: undefined/unknown
	Minimum pool size: undefined/unknown
	Maximum pool size: undefined/unknown
2025-11-19T08:32:37.582+09:00  INFO 7488 --- [querydsl] [    Test worker] o.h.e.t.j.p.i.JtaPlatformInitiator       : HHH000489: No JTA platform available (set 'hibernate.transaction.jta.platform' to enable JTA platform integration)
2025-11-19T08:32:37.589+09:00  INFO 7488 --- [querydsl] [    Test worker] j.LocalContainerEntityManagerFactoryBean : Initialized JPA EntityManagerFactory for persistence unit 'default'
2025-11-19T08:32:37.767+09:00  WARN 7488 --- [querydsl] [    Test worker] JpaBaseConfiguration$JpaWebConfiguration : spring.jpa.open-in-view is enabled by default. Therefore, database queries may be performed during view rendering. Explicitly configure spring.jpa.open-in-view to disable this warning
2025-11-19T08:32:38.509+09:00  INFO 7488 --- [querydsl] [    Test worker] s.querydsl.QuerydslApplicationTests      : Started QuerydslApplicationTests in 4.187 seconds (process running for 5.784)
]]></system-out>
  <system-err><![CDATA[Mockito is currently self-attaching to enable the inline-mock-maker. This will no longer work in future releases of the JDK. Please add Mockito as an agent to your build as described in Mockito's documentation: https://javadoc.io/doc/org.mockito/mockito-core/latest/org.mockito/org/mockito/Mockito.html#0.3
WARNING: A Java agent has been loaded dynamically (C:\Users\itycoon\.gradle\caches\modules-2\files-2.1\net.bytebuddy\byte-buddy-agent\1.17.8\f09415827a71be7ed621c7bd02550678f28bc81c\byte-buddy-agent-1.17.8.jar)
WARNING: If a serviceability tool is in use, please run with -XX:+EnableDynamicAgentLoading to hide this warning
WARNING: If a serviceability tool is not in use, please run with -Djdk.instrument.traceUsage for more information
WARNING: Dynamic loading of agents will be disallowed by default in a future release
]]></system-err>
</testsuite>
