<?xml version="1.0" encoding="UTF-8"?>
<testsuite name="hello.aop.pointcut.ParameterTest" tests="1" skipped="0" failures="0" errors="0" timestamp="2025-10-20T06:24:09.958Z" hostname="DESKTOP-CGTFEVQ" time="0.749">
  <properties/>
  <testcase name="success()" classname="hello.aop.pointcut.ParameterTest" time="0.749"/>
  <system-out><![CDATA[15:24:08.123 [Test worker] INFO org.springframework.test.context.support.AnnotationConfigContextLoaderUtils -- Could not detect default configuration classes for test class [hello.aop.pointcut.ParameterTest]: ParameterTest does not declare any static, non-private, non-final, nested classes annotated with @Configuration.
15:24:08.262 [Test worker] INFO org.springframework.boot.test.context.SpringBootTestContextBootstrapper -- Found @SpringBootConfiguration hello.aop.AopApplication for test class hello.aop.pointcut.ParameterTest

  .   ____          _            __ _ _
 /\\ / ___'_ __ _ _(_)_ __  __ _ \ \ \ \
( ( )\___ | '_ | '_| | '_ \/ _` | \ \ \ \
 \\/  ___)| |_)| | | | | || (_| |  ) ) ) )
  '  |____| .__|_| |_|_| |_\__, | / / / /
 =========|_|==============|___/=/_/_/_/

 :: Spring Boot ::                (v3.5.6)

2025-10-20T15:24:08.903+09:00  INFO 2432 --- [aop] [    Test worker] hello.aop.pointcut.ParameterTest         : Starting ParameterTest using Java 21.0.8 with PID 2432 (started by itycoon in C:\aop\aop)
2025-10-20T15:24:08.905+09:00  INFO 2432 --- [aop] [    Test worker] hello.aop.pointcut.ParameterTest         : No active profile set, falling back to 1 default profile: "default"
2025-10-20T15:24:09.944+09:00  INFO 2432 --- [aop] [    Test worker] hello.aop.pointcut.ParameterTest         : Started ParameterTest in 1.469 seconds (process running for 2.809)
2025-10-20T15:24:10.680+09:00  INFO 2432 --- [aop] [    Test worker] hello.aop.pointcut.ParameterTest         : memberService:class hello.aop.member.MemberServiceImpl$$SpringCGLIB$$0
2025-10-20T15:24:10.684+09:00  INFO 2432 --- [aop] [    Test worker] h.a.p.ParameterTest$ParameterAspect      : [logArgs1]String hello.aop.member.MemberServiceImpl.hello(String) arg1:helloA
2025-10-20T15:24:10.691+09:00  INFO 2432 --- [aop] [    Test worker] h.a.p.ParameterTest$ParameterAspect      : [logArgs12]String hello.aop.member.MemberServiceImpl.hello(String) arg:helloA
2025-10-20T15:24:10.692+09:00  INFO 2432 --- [aop] [    Test worker] h.a.p.ParameterTest$ParameterAspect      : [logArgs3] arg:helloA
2025-10-20T15:24:10.693+09:00  INFO 2432 --- [aop] [    Test worker] h.a.p.ParameterTest$ParameterAspect      : [target]String hello.aop.member.MemberServiceImpl.hello(String), obj = class hello.aop.member.MemberServiceImpl
2025-10-20T15:24:10.694+09:00  INFO 2432 --- [aop] [    Test worker] h.a.p.ParameterTest$ParameterAspect      : [this]String hello.aop.member.MemberServiceImpl.hello(String), obj = class hello.aop.member.MemberServiceImpl$$SpringCGLIB$$0
]]></system-out>
  <system-err><![CDATA[Mockito is currently self-attaching to enable the inline-mock-maker. This will no longer work in future releases of the JDK. Please add Mockito as an agent to your build as described in Mockito's documentation: https://javadoc.io/doc/org.mockito/mockito-core/latest/org.mockito/org/mockito/Mockito.html#0.3
WARNING: A Java agent has been loaded dynamically (C:\Users\itycoon\.gradle\caches\modules-2\files-2.1\net.bytebuddy\byte-buddy-agent\1.17.7\fbf3d6d649ed37fc9e9c59480a05be0a26e3c2da\byte-buddy-agent-1.17.7.jar)
WARNING: If a serviceability tool is in use, please run with -XX:+EnableDynamicAgentLoading to hide this warning
WARNING: If a serviceability tool is not in use, please run with -Djdk.instrument.traceUsage for more information
WARNING: Dynamic loading of agents will be disallowed by default in a future release
]]></system-err>
</testsuite>
